This is pdfTeX, Version 3.14159265-2.6-1.40.21 (TeX Live 2020) (preloaded format=pdflatex 2021.1.4)  4 JAN 2021 21:49
entering extended mode
 restricted \write18 enabled.
 file:line:error style messages enabled.
 %&-line parsing enabled.
**/Users/zhangyujuan/Desktop/推荐/zjuthesis/zjuthesis.tex
(/Users/zhangyujuan/Desktop/推荐/zjuthesis/zjuthesis.tex
LaTeX2e <2020-02-02> patch level 5
L3 programming layer <2020-03-06>
/Users/zhangyujuan/Desktop/推荐/zjuthesis/zjuthesis.tex:44: Undefined control sequence.
\GenericError  ...                                
                                                    #4  \errhelp \@err@     ...
l.44 
     
The control sequence at the end of the top line
of your error message was never \def'ed. If you have
misspelled it (e.g., `\hobx'), type `I' and the correct
spelling (e.g., `I\hbox'). Otherwise just continue,
and I'll forget about whatever was undefined.

/Users/zhangyujuan/Desktop/推荐/zjuthesis/zjuthesis.tex:44: Undefined control sequence.
\GenericError  ...                                
                                                  \let \@err@               ...
l.44 
     
The control sequence at the end of the top line
of your error message was never \def'ed. If you have
misspelled it (e.g., `\hobx'), type `I' and the correct
spelling (e.g., `I\hbox'). Otherwise just continue,
and I'll forget about whatever was undefined.

/Users/zhangyujuan/Desktop/推荐/zjuthesis/zjuthesis.tex:44: Undefined control sequence.
\GenericError  ...                                
                                                  \@empty \def \MessageBreak...
l.44 
     
The control sequence at the end of the top line
of your error message was never \def'ed. If you have
misspelled it (e.g., `\hobx'), type `I' and the correct
spelling (e.g., `I\hbox'). Otherwise just continue,
and I'll forget about whatever was undefined.

/Users/zhangyujuan/Desktop/推荐/zjuthesis/zjuthesis.tex:44: Undefined control sequence.
\GenericError  ...                                
                                                     \endgroup 
l.44 
     
The control sequence at the end of the top line
of your error message was never \def'ed. If you have
misspelled it (e.g., `\hobx'), type `I' and the correct
spelling (e.g., `I\hbox'). Otherwise just continue,
and I'll forget about whatever was undefined.

/Users/zhangyujuan/Desktop/推荐/zjuthesis/zjuthesis.tex:44: Undefined control sequence.
\GenericError  ...                                
                                                    #4  \errhelp \@err@     ...
l.44 
     
The control sequence at the end of the top line
of your error message was never \def'ed. If you have
misspelled it (e.g., `\hobx'), type `I' and the correct
spelling (e.g., `I\hbox'). Otherwise just continue,
and I'll forget about whatever was undefined.

/Users/zhangyujuan/Desktop/推荐/zjuthesis/zjuthesis.tex:44: Undefined control sequence.
\GenericError  ...                                
                                                  \let \@err@               ...
l.44 
     
The control sequence at the end of the top line
of your error message was never \def'ed. If you have
misspelled it (e.g., `\hobx'), type `I' and the correct
spelling (e.g., `I\hbox'). Otherwise just continue,
and I'll forget about whatever was undefined.

/Users/zhangyujuan/Desktop/推荐/zjuthesis/zjuthesis.tex:44: Undefined control sequence.
\GenericError  ...                                
                                                  \@empty \def \MessageBreak...
l.44 
     
The control sequence at the end of the top line
of your error message was never \def'ed. If you have
misspelled it (e.g., `\hobx'), type `I' and the correct
spelling (e.g., `I\hbox'). Otherwise just continue,
and I'll forget about whatever was undefined.

/Users/zhangyujuan/Desktop/推荐/zjuthesis/zjuthesis.tex:44: Undefined control sequence.
\GenericError  ...                                
                                                     \endgroup 
l.44 
     
The control sequence at the end of the top line
of your error message was never \def'ed. If you have
misspelled it (e.g., `\hobx'), type `I' and the correct
spelling (e.g., `I\hbox'). Otherwise just continue,
and I'll forget about whatever was undefined.

/Users/zhangyujuan/Desktop/推荐/zjuthesis/zjuthesis.tex:44: Undefined control sequence.
\GenericError  ...                                
                                                    #4  \errhelp \@err@     ...
l.44 
     
The control sequence at the end of the top line
of your error message was never \def'ed. If you have
misspelled it (e.g., `\hobx'), type `I' and the correct
spelling (e.g., `I\hbox'). Otherwise just continue,
and I'll forget about whatever was undefined.

/Users/zhangyujuan/Desktop/推荐/zjuthesis/zjuthesis.tex:44: Undefined control sequence.
\GenericError  ...                                
                                                  \let \@err@               ...
l.44 
     
The control sequence at the end of the top line
of your error message was never \def'ed. If you have
misspelled it (e.g., `\hobx'), type `I' and the correct
spelling (e.g., `I\hbox'). Otherwise just continue,
and I'll forget about whatever was undefined.

/Users/zhangyujuan/Desktop/推荐/zjuthesis/zjuthesis.tex:44: Undefined control sequence.
\GenericError  ...                                
                                                  \@empty \def \MessageBreak...
l.44 
     
The control sequence at the end of the top line
of your error message was never \def'ed. If you have
misspelled it (e.g., `\hobx'), type `I' and the correct
spelling (e.g., `I\hbox'). Otherwise just continue,
and I'll forget about whatever was undefined.

/Users/zhangyujuan/Desktop/推荐/zjuthesis/zjuthesis.tex:44: Undefined control sequence.
\GenericError  ...                                
                                                     \endgroup 
l.44 
     
The control sequence at the end of the top line
of your error message was never \def'ed. If you have
misspelled it (e.g., `\hobx'), type `I' and the correct
spelling (e.g., `I\hbox'). Otherwise just continue,
and I'll forget about whatever was undefined.

/Users/zhangyujuan/Desktop/推荐/zjuthesis/zjuthesis.tex:44: Undefined control sequence.
\GenericError  ...                                
                                                    #4  \errhelp \@err@     ...
l.44 
     
The control sequence at the end of the top line
of your error message was never \def'ed. If you have
misspelled it (e.g., `\hobx'), type `I' and the correct
spelling (e.g., `I\hbox'). Otherwise just continue,
and I'll forget about whatever was undefined.

/Users/zhangyujuan/Desktop/推荐/zjuthesis/zjuthesis.tex:44: Undefined control sequence.
\GenericError  ...                                
                                                  \let \@err@               ...
l.44 
     
The control sequence at the end of the top line
of your error message was never \def'ed. If you have
misspelled it (e.g., `\hobx'), type `I' and the correct
spelling (e.g., `I\hbox'). Otherwise just continue,
and I'll forget about whatever was undefined.

/Users/zhangyujuan/Desktop/推荐/zjuthesis/zjuthesis.tex:44: Undefined control sequence.
\GenericError  ...                                
                                                  \@empty \def \MessageBreak...
l.44 
     
The control sequence at the end of the top line
of your error message was never \def'ed. If you have
misspelled it (e.g., `\hobx'), type `I' and the correct
spelling (e.g., `I\hbox'). Otherwise just continue,
and I'll forget about whatever was undefined.

/Users/zhangyujuan/Desktop/推荐/zjuthesis/zjuthesis.tex:44: Undefined control sequence.
\GenericError  ...                                
                                                     \endgroup 
l.44 
     
The control sequence at the end of the top line
of your error message was never \def'ed. If you have
misspelled it (e.g., `\hobx'), type `I' and the correct
spelling (e.g., `I\hbox'). Otherwise just continue,
and I'll forget about whatever was undefined.

/Users/zhangyujuan/Desktop/推荐/zjuthesis/zjuthesis.tex:44: Undefined control sequence.
\GenericError  ...                                
                                                    #4  \errhelp \@err@     ...
l.44 
     
The control sequence at the end of the top line
of your error message was never \def'ed. If you have
misspelled it (e.g., `\hobx'), type `I' and the correct
spelling (e.g., `I\hbox'). Otherwise just continue,
and I'll forget about whatever was undefined.

/Users/zhangyujuan/Desktop/推荐/zjuthesis/zjuthesis.tex:44: Undefined control sequence.
\GenericError  ...                                
                                                  \let \@err@               ...
l.44 
     
The control sequence at the end of the top line
of your error message was never \def'ed. If you have
misspelled it (e.g., `\hobx'), type `I' and the correct
spelling (e.g., `I\hbox'). Otherwise just continue,
and I'll forget about whatever was undefined.

/Users/zhangyujuan/Desktop/推荐/zjuthesis/zjuthesis.tex:44: Undefined control sequence.
\GenericError  ...                                
                                                  \@empty \def \MessageBreak...
l.44 
     
The control sequence at the end of the top line
of your error message was never \def'ed. If you have
misspelled it (e.g., `\hobx'), type `I' and the correct
spelling (e.g., `I\hbox'). Otherwise just continue,
and I'll forget about whatever was undefined.

/Users/zhangyujuan/Desktop/推荐/zjuthesis/zjuthesis.tex:44: Undefined control sequence.
\GenericError  ...                                
                                                     \endgroup 
l.44 
     
The control sequence at the end of the top line
of your error message was never \def'ed. If you have
misspelled it (e.g., `\hobx'), type `I' and the correct
spelling (e.g., `I\hbox'). Otherwise just continue,
and I'll forget about whatever was undefined.

/Users/zhangyujuan/Desktop/推荐/zjuthesis/zjuthesis.tex:44: Undefined control sequence.
\GenericError  ...                                
                                                    #4  \errhelp \@err@     ...
l.44 
     
The control sequence at the end of the top line
of your error message was never \def'ed. If you have
misspelled it (e.g., `\hobx'), type `I' and the correct
spelling (e.g., `I\hbox'). Otherwise just continue,
and I'll forget about whatever was undefined.

/Users/zhangyujuan/Desktop/推荐/zjuthesis/zjuthesis.tex:44: Undefined control sequence.
\GenericError  ...                                
                                                  \let \@err@               ...
l.44 
     
The control sequence at the end of the top line
of your error message was never \def'ed. If you have
misspelled it (e.g., `\hobx'), type `I' and the correct
spelling (e.g., `I\hbox'). Otherwise just continue,
and I'll forget about whatever was undefined.

/Users/zhangyujuan/Desktop/推荐/zjuthesis/zjuthesis.tex:44: Undefined control sequence.
\GenericError  ...                                
                                                  \@empty \def \MessageBreak...
l.44 
     
The control sequence at the end of the top line
of your error message was never \def'ed. If you have
misspelled it (e.g., `\hobx'), type `I' and the correct
spelling (e.g., `I\hbox'). Otherwise just continue,
and I'll forget about whatever was undefined.

/Users/zhangyujuan/Desktop/推荐/zjuthesis/zjuthesis.tex:44: Undefined control sequence.
\GenericError  ...                                
                                                     \endgroup 
l.44 
     
The control sequence at the end of the top line
of your error message was never \def'ed. If you have
misspelled it (e.g., `\hobx'), type `I' and the correct
spelling (e.g., `I\hbox'). Otherwise just continue,
and I'll forget about whatever was undefined.

/Users/zhangyujuan/Desktop/推荐/zjuthesis/zjuthesis.tex:44: Undefined control sequence.
\GenericError  ...                                
                                                    #4  \errhelp \@err@     ...
l.44 
     
The control sequence at the end of the top line
of your error message was never \def'ed. If you have
misspelled it (e.g., `\hobx'), type `I' and the correct
spelling (e.g., `I\hbox'). Otherwise just continue,
and I'll forget about whatever was undefined.

/Users/zhangyujuan/Desktop/推荐/zjuthesis/zjuthesis.tex:44: Undefined control sequence.
\GenericError  ...                                
                                                  \let \@err@               ...
l.44 
     
The control sequence at the end of the top line
of your error message was never \def'ed. If you have
misspelled it (e.g., `\hobx'), type `I' and the correct
spelling (e.g., `I\hbox'). Otherwise just continue,
and I'll forget about whatever was undefined.

/Users/zhangyujuan/Desktop/推荐/zjuthesis/zjuthesis.tex:44: Undefined control sequence.
\GenericError  ...                                
                                                  \@empty \def \MessageBreak...
l.44 
     
The control sequence at the end of the top line
of your error message was never \def'ed. If you have
misspelled it (e.g., `\hobx'), type `I' and the correct
spelling (e.g., `I\hbox'). Otherwise just continue,
and I'll forget about whatever was undefined.

/Users/zhangyujuan/Desktop/推荐/zjuthesis/zjuthesis.tex:44: Undefined control sequence.
\GenericError  ...                                
                                                     \endgroup 
l.44 
     
The control sequence at the end of the top line
of your error message was never \def'ed. If you have
misspelled it (e.g., `\hobx'), type `I' and the correct
spelling (e.g., `I\hbox'). Otherwise just continue,
and I'll forget about whatever was undefined.

/Users/zhangyujuan/Desktop/推荐/zjuthesis/zjuthesis.tex:44: Undefined control sequence.
\GenericError  ...                                
                                                    #4  \errhelp \@err@     ...
l.44 
     
The control sequence at the end of the top line
of your error message was never \def'ed. If you have
misspelled it (e.g., `\hobx'), type `I' and the correct
spelling (e.g., `I\hbox'). Otherwise just continue,
and I'll forget about whatever was undefined.

/Users/zhangyujuan/Desktop/推荐/zjuthesis/zjuthesis.tex:44: Undefined control sequence.
\GenericError  ...                                
                                                  \let \@err@               ...
l.44 
     
The control sequence at the end of the top line
of your error message was never \def'ed. If you have
misspelled it (e.g., `\hobx'), type `I' and the correct
spelling (e.g., `I\hbox'). Otherwise just continue,
and I'll forget about whatever was undefined.

/Users/zhangyujuan/Desktop/推荐/zjuthesis/zjuthesis.tex:44: Undefined control sequence.
\GenericError  ...                                
                                                  \@empty \def \MessageBreak...
l.44 
     
The control sequence at the end of the top line
of your error message was never \def'ed. If you have
misspelled it (e.g., `\hobx'), type `I' and the correct
spelling (e.g., `I\hbox'). Otherwise just continue,
and I'll forget about whatever was undefined.

/Users/zhangyujuan/Desktop/推荐/zjuthesis/zjuthesis.tex:44: Undefined control sequence.
\GenericError  ...                                
                                                     \endgroup 
l.44 
     
The control sequence at the end of the top line
of your error message was never \def'ed. If you have
misspelled it (e.g., `\hobx'), type `I' and the correct
spelling (e.g., `I\hbox'). Otherwise just continue,
and I'll forget about whatever was undefined.

/Users/zhangyujuan/Desktop/推荐/zjuthesis/zjuthesis.tex:44: Undefined control sequence.
\GenericError  ...                                
                                                    #4  \errhelp \@err@     ...
l.44 
     
The control sequence at the end of the top line
of your error message was never \def'ed. If you have
misspelled it (e.g., `\hobx'), type `I' and the correct
spelling (e.g., `I\hbox'). Otherwise just continue,
and I'll forget about whatever was undefined.

/Users/zhangyujuan/Desktop/推荐/zjuthesis/zjuthesis.tex:44: Undefined control sequence.
\GenericError  ...                                
                                                  \let \@err@               ...
l.44 
     
The control sequence at the end of the top line
of your error message was never \def'ed. If you have
misspelled it (e.g., `\hobx'), type `I' and the correct
spelling (e.g., `I\hbox'). Otherwise just continue,
and I'll forget about whatever was undefined.

/Users/zhangyujuan/Desktop/推荐/zjuthesis/zjuthesis.tex:44: Undefined control sequence.
\GenericError  ...                                
                                                  \@empty \def \MessageBreak...
l.44 
     
The control sequence at the end of the top line
of your error message was never \def'ed. If you have
misspelled it (e.g., `\hobx'), type `I' and the correct
spelling (e.g., `I\hbox'). Otherwise just continue,
and I'll forget about whatever was undefined.

/Users/zhangyujuan/Desktop/推荐/zjuthesis/zjuthesis.tex:44: Undefined control sequence.
\GenericError  ...                                
                                                     \endgroup 
l.44 
     
The control sequence at the end of the top line
of your error message was never \def'ed. If you have
misspelled it (e.g., `\hobx'), type `I' and the correct
spelling (e.g., `I\hbox'). Otherwise just continue,
and I'll forget about whatever was undefined.

/Users/zhangyujuan/Desktop/推荐/zjuthesis/zjuthesis.tex:44: Undefined control sequence.
\GenericError  ...                                
                                                    #4  \errhelp \@err@     ...
l.44 
     
The control sequence at the end of the top line
of your error message was never \def'ed. If you have
misspelled it (e.g., `\hobx'), type `I' and the correct
spelling (e.g., `I\hbox'). Otherwise just continue,
and I'll forget about whatever was undefined.

/Users/zhangyujuan/Desktop/推荐/zjuthesis/zjuthesis.tex:44: Undefined control sequence.
\GenericError  ...                                
                                                  \let \@err@               ...
l.44 
     
The control sequence at the end of the top line
of your error message was never \def'ed. If you have
misspelled it (e.g., `\hobx'), type `I' and the correct
spelling (e.g., `I\hbox'). Otherwise just continue,
and I'll forget about whatever was undefined.

/Users/zhangyujuan/Desktop/推荐/zjuthesis/zjuthesis.tex:44: Undefined control sequence.
\GenericError  ...                                
                                                  \@empty \def \MessageBreak...
l.44 
     
The control sequence at the end of the top line
of your error message was never \def'ed. If you have
misspelled it (e.g., `\hobx'), type `I' and the correct
spelling (e.g., `I\hbox'). Otherwise just continue,
and I'll forget about whatever was undefined.

/Users/zhangyujuan/Desktop/推荐/zjuthesis/zjuthesis.tex:44: Undefined control sequence.
\GenericError  ...                                
                                                     \endgroup 
l.44 
     
The control sequence at the end of the top line
of your error message was never \def'ed. If you have
misspelled it (e.g., `\hobx'), type `I' and the correct
spelling (e.g., `I\hbox'). Otherwise just continue,
and I'll forget about whatever was undefined.

/Users/zhangyujuan/Desktop/推荐/zjuthesis/zjuthesis.tex:44: Undefined control sequence.
\GenericError  ...                                
                                                    #4  \errhelp \@err@     ...
l.44 
     
The control sequence at the end of the top line
of your error message was never \def'ed. If you have
misspelled it (e.g., `\hobx'), type `I' and the correct
spelling (e.g., `I\hbox'). Otherwise just continue,
and I'll forget about whatever was undefined.

/Users/zhangyujuan/Desktop/推荐/zjuthesis/zjuthesis.tex:44: Undefined control sequence.
\GenericError  ...                                
                                                  \let \@err@               ...
l.44 
     
The control sequence at the end of the top line
of your error message was never \def'ed. If you have
misspelled it (e.g., `\hobx'), type `I' and the correct
spelling (e.g., `I\hbox'). Otherwise just continue,
and I'll forget about whatever was undefined.

/Users/zhangyujuan/Desktop/推荐/zjuthesis/zjuthesis.tex:44: Undefined control sequence.
\GenericError  ...                                
                                                  \@empty \def \MessageBreak...
l.44 
     
The control sequence at the end of the top line
of your error message was never \def'ed. If you have
misspelled it (e.g., `\hobx'), type `I' and the correct
spelling (e.g., `I\hbox'). Otherwise just continue,
and I'll forget about whatever was undefined.

/Users/zhangyujuan/Desktop/推荐/zjuthesis/zjuthesis.tex:44: Undefined control sequence.
\GenericError  ...                                
                                                     \endgroup 
l.44 
     
The control sequence at the end of the top line
of your error message was never \def'ed. If you have
misspelled it (e.g., `\hobx'), type `I' and the correct
spelling (e.g., `I\hbox'). Otherwise just continue,
and I'll forget about whatever was undefined.

/Users/zhangyujuan/Desktop/推荐/zjuthesis/zjuthesis.tex:44: Undefined control sequence.
\GenericError  ...                                
                                                    #4  \errhelp \@err@     ...
l.44 
     
The control sequence at the end of the top line
of your error message was never \def'ed. If you have
misspelled it (e.g., `\hobx'), type `I' and the correct
spelling (e.g., `I\hbox'). Otherwise just continue,
and I'll forget about whatever was undefined.

/Users/zhangyujuan/Desktop/推荐/zjuthesis/zjuthesis.tex:44: Undefined control sequence.
\GenericError  ...                                
                                                  \let \@err@               ...
l.44 
     
The control sequence at the end of the top line
of your error message was never \def'ed. If you have
misspelled it (e.g., `\hobx'), type `I' and the correct
spelling (e.g., `I\hbox'). Otherwise just continue,
and I'll forget about whatever was undefined.

/Users/zhangyujuan/Desktop/推荐/zjuthesis/zjuthesis.tex:44: Undefined control sequence.
\GenericError  ...                                
                                                  \@empty \def \MessageBreak...
l.44 
     
The control sequence at the end of the top line
of your error message was never \def'ed. If you have
misspelled it (e.g., `\hobx'), type `I' and the correct
spelling (e.g., `I\hbox'). Otherwise just continue,
and I'll forget about whatever was undefined.

/Users/zhangyujuan/Desktop/推荐/zjuthesis/zjuthesis.tex:44: Undefined control sequence.
\GenericError  ...                                
                                                     \endgroup 
l.44 
     
The control sequence at the end of the top line
of your error message was never \def'ed. If you have
misspelled it (e.g., `\hobx'), type `I' and the correct
spelling (e.g., `I\hbox'). Otherwise just continue,
and I'll forget about whatever was undefined.

/Users/zhangyujuan/Desktop/推荐/zjuthesis/zjuthesis.tex:44: Undefined control sequence.
\GenericError  ...                                
                                                    #4  \errhelp \@err@     ...
l.44 
     
The control sequence at the end of the top line
of your error message was never \def'ed. If you have
misspelled it (e.g., `\hobx'), type `I' and the correct
spelling (e.g., `I\hbox'). Otherwise just continue,
and I'll forget about whatever was undefined.

/Users/zhangyujuan/Desktop/推荐/zjuthesis/zjuthesis.tex:44: Undefined control sequence.
\GenericError  ...                                
                                                  \let \@err@               ...
l.44 
     
The control sequence at the end of the top line
of your error message was never \def'ed. If you have
misspelled it (e.g., `\hobx'), type `I' and the correct
spelling (e.g., `I\hbox'). Otherwise just continue,
and I'll forget about whatever was undefined.

/Users/zhangyujuan/Desktop/推荐/zjuthesis/zjuthesis.tex:44: Undefined control sequence.
\GenericError  ...                                
                                                  \@empty \def \MessageBreak...
l.44 
     
The control sequence at the end of the top line
of your error message was never \def'ed. If you have
misspelled it (e.g., `\hobx'), type `I' and the correct
spelling (e.g., `I\hbox'). Otherwise just continue,
and I'll forget about whatever was undefined.

/Users/zhangyujuan/Desktop/推荐/zjuthesis/zjuthesis.tex:44: Undefined control sequence.
\GenericError  ...                                
                                                     \endgroup 
l.44 
     
The control sequence at the end of the top line
of your error message was never \def'ed. If you have
misspelled it (e.g., `\hobx'), type `I' and the correct
spelling (e.g., `I\hbox'). Otherwise just continue,
and I'll forget about whatever was undefined.

/Users/zhangyujuan/Desktop/推荐/zjuthesis/zjuthesis.tex:44: Undefined control sequence.
\GenericError  ...                                
                                                    #4  \errhelp \@err@     ...
l.44 
     
The control sequence at the end of the top line
of your error message was never \def'ed. If you have
misspelled it (e.g., `\hobx'), type `I' and the correct
spelling (e.g., `I\hbox'). Otherwise just continue,
and I'll forget about whatever was undefined.

/Users/zhangyujuan/Desktop/推荐/zjuthesis/zjuthesis.tex:44: Undefined control sequence.
\GenericError  ...                                
                                                  \let \@err@               ...
l.44 
     
The control sequence at the end of the top line
of your error message was never \def'ed. If you have
misspelled it (e.g., `\hobx'), type `I' and the correct
spelling (e.g., `I\hbox'). Otherwise just continue,
and I'll forget about whatever was undefined.

/Users/zhangyujuan/Desktop/推荐/zjuthesis/zjuthesis.tex:44: Undefined control sequence.
\GenericError  ...                                
                                                  \@empty \def \MessageBreak...
l.44 
     
The control sequence at the end of the top line
of your error message was never \def'ed. If you have
misspelled it (e.g., `\hobx'), type `I' and the correct
spelling (e.g., `I\hbox'). Otherwise just continue,
and I'll forget about whatever was undefined.

/Users/zhangyujuan/Desktop/推荐/zjuthesis/zjuthesis.tex:44: Undefined control sequence.
\GenericError  ...                                
                                                     \endgroup 
l.44 
     
The control sequence at the end of the top line
of your error message was never \def'ed. If you have
misspelled it (e.g., `\hobx'), type `I' and the correct
spelling (e.g., `I\hbox'). Otherwise just continue,
and I'll forget about whatever was undefined.

/Users/zhangyujuan/Desktop/推荐/zjuthesis/zjuthesis.tex:44: Undefined control sequence.
\GenericError  ...                                
                                                    #4  \errhelp \@err@     ...
l.44 
     
The control sequence at the end of the top line
of your error message was never \def'ed. If you have
misspelled it (e.g., `\hobx'), type `I' and the correct
spelling (e.g., `I\hbox'). Otherwise just continue,
and I'll forget about whatever was undefined.

/Users/zhangyujuan/Desktop/推荐/zjuthesis/zjuthesis.tex:44: Undefined control sequence.
\GenericError  ...                                
                                                  \let \@err@               ...
l.44 
     
The control sequence at the end of the top line
of your error message was never \def'ed. If you have
misspelled it (e.g., `\hobx'), type `I' and the correct
spelling (e.g., `I\hbox'). Otherwise just continue,
and I'll forget about whatever was undefined.

/Users/zhangyujuan/Desktop/推荐/zjuthesis/zjuthesis.tex:44: Undefined control sequence.
\GenericError  ...                                
                                                  \@empty \def \MessageBreak...
l.44 
     
The control sequence at the end of the top line
of your error message was never \def'ed. If you have
misspelled it (e.g., `\hobx'), type `I' and the correct
spelling (e.g., `I\hbox'). Otherwise just continue,
and I'll forget about whatever was undefined.

/Users/zhangyujuan/Desktop/推荐/zjuthesis/zjuthesis.tex:44: Undefined control sequence.
\GenericError  ...                                
                                                     \endgroup 
l.44 
     
The control sequence at the end of the top line
of your error message was never \def'ed. If you have
misspelled it (e.g., `\hobx'), type `I' and the correct
spelling (e.g., `I\hbox'). Otherwise just continue,
and I'll forget about whatever was undefined.

/Users/zhangyujuan/Desktop/推荐/zjuthesis/zjuthesis.tex:44: Undefined control sequence.
\GenericError  ...                                
                                                    #4  \errhelp \@err@     ...
l.44 
     
The control sequence at the end of the top line
of your error message was never \def'ed. If you have
misspelled it (e.g., `\hobx'), type `I' and the correct
spelling (e.g., `I\hbox'). Otherwise just continue,
and I'll forget about whatever was undefined.

/Users/zhangyujuan/Desktop/推荐/zjuthesis/zjuthesis.tex:44: Undefined control sequence.
\GenericError  ...                                
                                                  \let \@err@               ...
l.44 
     
The control sequence at the end of the top line
of your error message was never \def'ed. If you have
misspelled it (e.g., `\hobx'), type `I' and the correct
spelling (e.g., `I\hbox'). Otherwise just continue,
and I'll forget about whatever was undefined.

/Users/zhangyujuan/Desktop/推荐/zjuthesis/zjuthesis.tex:44: Undefined control sequence.
\GenericError  ...                                
                                                  \@empty \def \MessageBreak...
l.44 
     
The control sequence at the end of the top line
of your error message was never \def'ed. If you have
misspelled it (e.g., `\hobx'), type `I' and the correct
spelling (e.g., `I\hbox'). Otherwise just continue,
and I'll forget about whatever was undefined.

/Users/zhangyujuan/Desktop/推荐/zjuthesis/zjuthesis.tex:44: Undefined control sequence.
\GenericError  ...                                
                                                     \endgroup 
l.44 
     
The control sequence at the end of the top line
of your error message was never \def'ed. If you have
misspelled it (e.g., `\hobx'), type `I' and the correct
spelling (e.g., `I\hbox'). Otherwise just continue,
and I'll forget about whatever was undefined.

/Users/zhangyujuan/Desktop/推荐/zjuthesis/zjuthesis.tex:44: Undefined control sequence.
\GenericError  ...                                
                                                    #4  \errhelp \@err@     ...
l.44 
     
The control sequence at the end of the top line
of your error message was never \def'ed. If you have
misspelled it (e.g., `\hobx'), type `I' and the correct
spelling (e.g., `I\hbox'). Otherwise just continue,
and I'll forget about whatever was undefined.

/Users/zhangyujuan/Desktop/推荐/zjuthesis/zjuthesis.tex:44: Undefined control sequence.
\GenericError  ...                                
                                                  \let \@err@               ...
l.44 
     
The control sequence at the end of the top line
of your error message was never \def'ed. If you have
misspelled it (e.g., `\hobx'), type `I' and the correct
spelling (e.g., `I\hbox'). Otherwise just continue,
and I'll forget about whatever was undefined.

/Users/zhangyujuan/Desktop/推荐/zjuthesis/zjuthesis.tex:44: Undefined control sequence.
\GenericError  ...                                
                                                  \@empty \def \MessageBreak...
l.44 
     
The control sequence at the end of the top line
of your error message was never \def'ed. If you have
misspelled it (e.g., `\hobx'), type `I' and the correct
spelling (e.g., `I\hbox'). Otherwise just continue,
and I'll forget about whatever was undefined.

/Users/zhangyujuan/Desktop/推荐/zjuthesis/zjuthesis.tex:44: Undefined control sequence.
\GenericError  ...                                
                                                     \endgroup 
l.44 
     
The control sequence at the end of the top line
of your error message was never \def'ed. If you have
misspelled it (e.g., `\hobx'), type `I' and the correct
spelling (e.g., `I\hbox'). Otherwise just continue,
and I'll forget about whatever was undefined.

/Users/zhangyujuan/Desktop/推荐/zjuthesis/zjuthesis.tex:44: Undefined control sequence.
\GenericError  ...                                
                                                    #4  \errhelp \@err@     ...
l.44 
     
The control sequence at the end of the top line
of your error message was never \def'ed. If you have
misspelled it (e.g., `\hobx'), type `I' and the correct
spelling (e.g., `I\hbox'). Otherwise just continue,
and I'll forget about whatever was undefined.

/Users/zhangyujuan/Desktop/推荐/zjuthesis/zjuthesis.tex:44: Undefined control sequence.
\GenericError  ...                                
                                                  \let \@err@               ...
l.44 
     
The control sequence at the end of the top line
of your error message was never \def'ed. If you have
misspelled it (e.g., `\hobx'), type `I' and the correct
spelling (e.g., `I\hbox'). Otherwise just continue,
and I'll forget about whatever was undefined.

/Users/zhangyujuan/Desktop/推荐/zjuthesis/zjuthesis.tex:44: Undefined control sequence.
\GenericError  ...                                
                                                  \@empty \def \MessageBreak...
l.44 
     
The control sequence at the end of the top line
of your error message was never \def'ed. If you have
misspelled it (e.g., `\hobx'), type `I' and the correct
spelling (e.g., `I\hbox'). Otherwise just continue,
and I'll forget about whatever was undefined.

/Users/zhangyujuan/Desktop/推荐/zjuthesis/zjuthesis.tex:44: Undefined control sequence.
\GenericError  ...                                
                                                     \endgroup 
l.44 
     
The control sequence at the end of the top line
of your error message was never \def'ed. If you have
misspelled it (e.g., `\hobx'), type `I' and the correct
spelling (e.g., `I\hbox'). Otherwise just continue,
and I'll forget about whatever was undefined.

/Users/zhangyujuan/Desktop/推荐/zjuthesis/zjuthesis.tex:44: Undefined control sequence.
\GenericError  ...                                
                                                    #4  \errhelp \@err@     ...
l.44 
     
The control sequence at the end of the top line
of your error message was never \def'ed. If you have
misspelled it (e.g., `\hobx'), type `I' and the correct
spelling (e.g., `I\hbox'). Otherwise just continue,
and I'll forget about whatever was undefined.

/Users/zhangyujuan/Desktop/推荐/zjuthesis/zjuthesis.tex:44: Undefined control sequence.
\GenericError  ...                                
                                                  \let \@err@               ...
l.44 
     
The control sequence at the end of the top line
of your error message was never \def'ed. If you have
misspelled it (e.g., `\hobx'), type `I' and the correct
spelling (e.g., `I\hbox'). Otherwise just continue,
and I'll forget about whatever was undefined.

/Users/zhangyujuan/Desktop/推荐/zjuthesis/zjuthesis.tex:44: Undefined control sequence.
\GenericError  ...                                
                                                  \@empty \def \MessageBreak...
l.44 
     
The control sequence at the end of the top line
of your error message was never \def'ed. If you have
misspelled it (e.g., `\hobx'), type `I' and the correct
spelling (e.g., `I\hbox'). Otherwise just continue,
and I'll forget about whatever was undefined.

/Users/zhangyujuan/Desktop/推荐/zjuthesis/zjuthesis.tex:44: Undefined control sequence.
\GenericError  ...                                
                                                     \endgroup 
l.44 
     
The control sequence at the end of the top line
of your error message was never \def'ed. If you have
misspelled it (e.g., `\hobx'), type `I' and the correct
spelling (e.g., `I\hbox'). Otherwise just continue,
and I'll forget about whatever was undefined.

/Users/zhangyujuan/Desktop/推荐/zjuthesis/zjuthesis.tex:44: Undefined control sequence.
\GenericError  ...                                
                                                    #4  \errhelp \@err@     ...
l.44 
     
The control sequence at the end of the top line
of your error message was never \def'ed. If you have
misspelled it (e.g., `\hobx'), type `I' and the correct
spelling (e.g., `I\hbox'). Otherwise just continue,
and I'll forget about whatever was undefined.

/Users/zhangyujuan/Desktop/推荐/zjuthesis/zjuthesis.tex:44: Undefined control sequence.
\GenericError  ...                                
                                                  \let \@err@               ...
l.44 
     
The control sequence at the end of the top line
of your error message was never \def'ed. If you have
misspelled it (e.g., `\hobx'), type `I' and the correct
spelling (e.g., `I\hbox'). Otherwise just continue,
and I'll forget about whatever was undefined.

/Users/zhangyujuan/Desktop/推荐/zjuthesis/zjuthesis.tex:44: Undefined control sequence.
\GenericError  ...                                
                                                  \@empty \def \MessageBreak...
l.44 
     
The control sequence at the end of the top line
of your error message was never \def'ed. If you have
misspelled it (e.g., `\hobx'), type `I' and the correct
spelling (e.g., `I\hbox'). Otherwise just continue,
and I'll forget about whatever was undefined.

/Users/zhangyujuan/Desktop/推荐/zjuthesis/zjuthesis.tex:44: Undefined control sequence.
\GenericError  ...                                
                                                     \endgroup 
l.44 
     
The control sequence at the end of the top line
of your error message was never \def'ed. If you have
misspelled it (e.g., `\hobx'), type `I' and the correct
spelling (e.g., `I\hbox'). Otherwise just continue,
and I'll forget about whatever was undefined.

/Users/zhangyujuan/Desktop/推荐/zjuthesis/zjuthesis.tex:44: Undefined control sequence.
\GenericError  ...                                
                                                    #4  \errhelp \@err@     ...
l.44 
     
The control sequence at the end of the top line
of your error message was never \def'ed. If you have
misspelled it (e.g., `\hobx'), type `I' and the correct
spelling (e.g., `I\hbox'). Otherwise just continue,
and I'll forget about whatever was undefined.

/Users/zhangyujuan/Desktop/推荐/zjuthesis/zjuthesis.tex:44: Undefined control sequence.
\GenericError  ...                                
                                                  \let \@err@               ...
l.44 
     
The control sequence at the end of the top line
of your error message was never \def'ed. If you have
misspelled it (e.g., `\hobx'), type `I' and the correct
spelling (e.g., `I\hbox'). Otherwise just continue,
and I'll forget about whatever was undefined.

/Users/zhangyujuan/Desktop/推荐/zjuthesis/zjuthesis.tex:44: Undefined control sequence.
\GenericError  ...                                
                                                  \@empty \def \MessageBreak...
l.44 
     
The control sequence at the end of the top line
of your error message was never \def'ed. If you have
misspelled it (e.g., `\hobx'), type `I' and the correct
spelling (e.g., `I\hbox'). Otherwise just continue,
and I'll forget about whatever was undefined.

/Users/zhangyujuan/Desktop/推荐/zjuthesis/zjuthesis.tex:44: Undefined control sequence.
\GenericError  ...                                
                                                     \endgroup 
l.44 
     
The control sequence at the end of the top line
of your error message was never \def'ed. If you have
misspelled it (e.g., `\hobx'), type `I' and the correct
spelling (e.g., `I\hbox'). Otherwise just continue,
and I'll forget about whatever was undefined.

/Users/zhangyujuan/Desktop/推荐/zjuthesis/zjuthesis.tex:44: Undefined control sequence.
\GenericError  ...                                
                                                    #4  \errhelp \@err@     ...
l.44 
     
The control sequence at the end of the top line
of your error message was never \def'ed. If you have
misspelled it (e.g., `\hobx'), type `I' and the correct
spelling (e.g., `I\hbox'). Otherwise just continue,
and I'll forget about whatever was undefined.

/Users/zhangyujuan/Desktop/推荐/zjuthesis/zjuthesis.tex:44: Undefined control sequence.
\GenericError  ...                                
                                                  \let \@err@               ...
l.44 
     
The control sequence at the end of the top line
of your error message was never \def'ed. If you have
misspelled it (e.g., `\hobx'), type `I' and the correct
spelling (e.g., `I\hbox'). Otherwise just continue,
and I'll forget about whatever was undefined.

/Users/zhangyujuan/Desktop/推荐/zjuthesis/zjuthesis.tex:44: Undefined control sequence.
\GenericError  ...                                
                                                  \@empty \def \MessageBreak...
l.44 
     
The control sequence at the end of the top line
of your error message was never \def'ed. If you have
misspelled it (e.g., `\hobx'), type `I' and the correct
spelling (e.g., `I\hbox'). Otherwise just continue,
and I'll forget about whatever was undefined.

/Users/zhangyujuan/Desktop/推荐/zjuthesis/zjuthesis.tex:44: Undefined control sequence.
\GenericError  ...                                
                                                     \endgroup 
l.44 
     
The control sequence at the end of the top line
of your error message was never \def'ed. If you have
misspelled it (e.g., `\hobx'), type `I' and the correct
spelling (e.g., `I\hbox'). Otherwise just continue,
and I'll forget about whatever was undefined.

/Users/zhangyujuan/Desktop/推荐/zjuthesis/zjuthesis.tex:44: Undefined control sequence.
\GenericError  ...                                
                                                    #4  \errhelp \@err@     ...
l.44 
     
The control sequence at the end of the top line
of your error message was never \def'ed. If you have
misspelled it (e.g., `\hobx'), type `I' and the correct
spelling (e.g., `I\hbox'). Otherwise just continue,
and I'll forget about whatever was undefined.

/Users/zhangyujuan/Desktop/推荐/zjuthesis/zjuthesis.tex:44: Undefined control sequence.
\GenericError  ...                                
                                                  \let \@err@               ...
l.44 
     
The control sequence at the end of the top line
of your error message was never \def'ed. If you have
misspelled it (e.g., `\hobx'), type `I' and the correct
spelling (e.g., `I\hbox'). Otherwise just continue,
and I'll forget about whatever was undefined.

/Users/zhangyujuan/Desktop/推荐/zjuthesis/zjuthesis.tex:44: Undefined control sequence.
\GenericError  ...                                
                                                  \@empty \def \MessageBreak...
l.44 
     
The control sequence at the end of the top line
of your error message was never \def'ed. If you have
misspelled it (e.g., `\hobx'), type `I' and the correct
spelling (e.g., `I\hbox'). Otherwise just continue,
and I'll forget about whatever was undefined.

/Users/zhangyujuan/Desktop/推荐/zjuthesis/zjuthesis.tex:44: Undefined control sequence.
\GenericError  ...                                
                                                     \endgroup 
l.44 
     
The control sequence at the end of the top line
of your error message was never \def'ed. If you have
misspelled it (e.g., `\hobx'), type `I' and the correct
spelling (e.g., `I\hbox'). Otherwise just continue,
and I'll forget about whatever was undefined.

/Users/zhangyujuan/Desktop/推荐/zjuthesis/zjuthesis.tex:44: Undefined control sequence.
\GenericError  ...                                
                                                    #4  \errhelp \@err@     ...
l.44 
     
The control sequence at the end of the top line
of your error message was never \def'ed. If you have
misspelled it (e.g., `\hobx'), type `I' and the correct
spelling (e.g., `I\hbox'). Otherwise just continue,
and I'll forget about whatever was undefined.

/Users/zhangyujuan/Desktop/推荐/zjuthesis/zjuthesis.tex:44: Undefined control sequence.
\GenericError  ...                                
                                                  \let \@err@               ...
l.44 
     
The control sequence at the end of the top line
of your error message was never \def'ed. If you have
misspelled it (e.g., `\hobx'), type `I' and the correct
spelling (e.g., `I\hbox'). Otherwise just continue,
and I'll forget about whatever was undefined.

/Users/zhangyujuan/Desktop/推荐/zjuthesis/zjuthesis.tex:44: Undefined control sequence.
\GenericError  ...                                
                                                  \@empty \def \MessageBreak...
l.44 
     
The control sequence at the end of the top line
of your error message was never \def'ed. If you have
misspelled it (e.g., `\hobx'), type `I' and the correct
spelling (e.g., `I\hbox'). Otherwise just continue,
and I'll forget about whatever was undefined.

/Users/zhangyujuan/Desktop/推荐/zjuthesis/zjuthesis.tex:44: Undefined control sequence.
\GenericError  ...                                
                                                     \endgroup 
l.44 
     
The control sequence at the end of the top line
of your error message was never \def'ed. If you have
misspelled it (e.g., `\hobx'), type `I' and the correct
spelling (e.g., `I\hbox'). Otherwise just continue,
and I'll forget about whatever was undefined.

/Users/zhangyujuan/Desktop/推荐/zjuthesis/zjuthesis.tex:44: Undefined control sequence.
\GenericError  ...                                
                                                    #4  \errhelp \@err@     ...
l.44 
     
The control sequence at the end of the top line
of your error message was never \def'ed. If you have
misspelled it (e.g., `\hobx'), type `I' and the correct
spelling (e.g., `I\hbox'). Otherwise just continue,
and I'll forget about whatever was undefined.

/Users/zhangyujuan/Desktop/推荐/zjuthesis/zjuthesis.tex:44: Undefined control sequence.
\GenericError  ...                                
                                                  \let \@err@               ...
l.44 
     
The control sequence at the end of the top line
of your error message was never \def'ed. If you have
misspelled it (e.g., `\hobx'), type `I' and the correct
spelling (e.g., `I\hbox'). Otherwise just continue,
and I'll forget about whatever was undefined.

/Users/zhangyujuan/Desktop/推荐/zjuthesis/zjuthesis.tex:44: Undefined control sequence.
\GenericError  ...                                
                                                  \@empty \def \MessageBreak...
l.44 
     
The control sequence at the end of the top line
of your error message was never \def'ed. If you have
misspelled it (e.g., `\hobx'), type `I' and the correct
spelling (e.g., `I\hbox'). Otherwise just continue,
and I'll forget about whatever was undefined.

/Users/zhangyujuan/Desktop/推荐/zjuthesis/zjuthesis.tex:44: Undefined control sequence.
\GenericError  ...                                
                                                     \endgroup 
l.44 
     
(That makes 100 errors; please try again.) 
Here is how much of TeX's memory you used:
 41 strings out of 480608
 708 string characters out of 5903631
 239786 words of memory out of 5000000
 16033 multiletter control sequences out of 15000+600000
 532338 words of font info for 24 fonts, out of 8000000 for 9000
 1141 hyphenation exceptions out of 8191
 16i,0n,17p,144b,8s stack positions out of 5000i,500n,10000p,200000b,80000s

/Users/zhangyujuan/Desktop/推荐/zjuthesis/zjuthesis.tex:44:  ==> Fatal error occurred, no output PDF file produced!
